<?xml version="1.0" encoding="UTF-8"?>
<!-- Generated by org.testng.reporters.JUnitXMLReporter -->
<testsuite ignored="1" hostname="Minnu" failures="0" tests="16" name="SearchSortFilterModule" time="1175.441" errors="0" timestamp="2022-10-11T14:55:01 EDT">
  <testcase classname="testLayer.SearchSortFilterTest" name="Searching" time="12.07"/>
  <testcase classname="testLayer.SearchSortFilterTest" name="ProductInformation" time="5.26"/>
  <testcase classname="testLayer.SearchSortFilterTest" name="Next" time="4.839"/>
  <testcase classname="testLayer.SearchSortFilterTest" name="SortPriceLowandHigh" time="34.282"/>
  <testcase classname="testLayer.SearchSortFilterTest" name="SortRating" time="198.715"/>
  <testcase classname="testLayer.SearchSortFilterTest" name="SortNewest" time="6.935"/>
  <testcase classname="testLayer.SearchSortFilterTest" name="SortPopular" time="6.945"/>
  <testcase classname="testLayer.SearchSortFilterTest" name="FilterNewArrivals" time="7.315"/>
  <testcase classname="testLayer.SearchSortFilterTest" name="FilterRating" time="3.074"/>
  <testcase classname="testLayer.SearchSortFilterTest" name="FilterSavings" time="2.665"/>
  <testcase classname="testLayer.SearchSortFilterTest" name="FilterBrand" time="2.657"/>
  <testcase classname="testLayer.SearchSortFilterTest" name="FilterPrice" time="2.534"/>
  <testcase classname="testLayer.SearchSortFilterTest" name="FilterAvailability" time="2.633"/>
  <testcase classname="testLayer.SearchSortFilterTest" name="PaginationCheck" time="157.645"/>
  <testcase classname="testLayer.SearchSortFilterTest" name="SortandFilter" time="21.099"/>
  <testcase classname="testLayer.SearchSortFilterTest" name="SortFilterPagination" time="704.371"/>
  <testcase classname="testLayer.SearchSortFilterTest" name="PerPageProductNumber" time="0.0">
    <ignored/>
  </testcase> <!-- PerPageProductNumber -->
</testsuite> <!-- SearchSortFilterModule -->
