<?xml version="1.0" encoding="UTF-8"?>
<!-- Generated by org.testng.reporters.JUnitXMLReporter -->
<testsuite ignored="0" hostname="Minnu" failures="0" tests="5" name="TestNG2" time="47.228" errors="0" timestamp="2022-10-10T12:10:02 EDT">
  <testcase classname="testLayer.YourOrdersTest" name="Ordermethod" time="2.968"/>
  <testcase classname="testLayer.YourOrdersTest" name="PastOrder" time="0.728"/>
  <testcase classname="testLayer.YourOrdersTest" name="Buyagain" time="2.391"/>
  <testcase classname="testLayer.YourOrdersTest" name="Notshipped" time="6.798"/>
  <testcase classname="testLayer.YourOrdersTest" name="Cancel" time="6.594"/>
</testsuite> <!-- TestNG2 -->
