<?xml version="1.0" encoding="UTF-8"?>
<!-- Generated by org.testng.reporters.JUnitXMLReporter -->
<testsuite ignored="0" hostname="Minnu" failures="0" tests="5" name="YourOrdersModule" time="47.252" errors="0" timestamp="2022-10-10T21:03:47 EDT">
  <testcase classname="testLayer.YourOrdersTest" name="Ordermethod" time="5.916"/>
  <testcase classname="testLayer.YourOrdersTest" name="PastOrder1" time="3.221"/>
  <testcase classname="testLayer.YourOrdersTest" name="Buyagain" time="2.882"/>
  <testcase classname="testLayer.YourOrdersTest" name="Notshipped" time="3.976"/>
  <testcase classname="testLayer.YourOrdersTest" name="Cancel" time="3.256"/>
</testsuite> <!-- YourOrdersModule -->
